{
  "RSpec": {
    "coverage": {
      "/home/miavision/apps/expercoin/app/decorators/base_decorator.rb": [
        null,
        null,
        null,
        1,
        null
      ],
      "/home/miavision/apps/expercoin/spec/forms/form_object_spec.rb": [
        null,
        null,
        1,
        null,
        1,
        3,
        3,
        null,
        1,
        2,
        2,
        null,
        null
      ],
      "/home/miavision/apps/expercoin/app/forms/form_object.rb": [
        null,
        null,
        null,
        1,
        1,
        1,
        null,
        1,
        2,
        2,
        2,
        2,
        null,
        null,
        null,
        1,
        0,
        0,
        null,
        null
      ],
      "/home/miavision/apps/expercoin/spec/helpers/presenter_helper_spec.rb": [
        null,
        null,
        1,
        null,
        1,
        1,
        0,
        null,
        null,
        1,
        1,
        0,
        null,
        null,
        1,
        1,
        2,
        2,
        null,
        null,
        1,
        2,
        null,
        null,
        null,
        1,
        2,
        2,
        null,
        1,
        1,
        1,
        null,
        null,
        null,
        1,
        1,
        1,
        null,
        null,
        null
      ],
      "/home/miavision/apps/expercoin/app/presenters/base_presenter.rb": [
        null,
        null,
        null,
        1,
        1,
        4,
        4,
        null,
        null,
        1,
        1,
        null,
        null,
        null,
        null,
        null,
        null,
        null,
        null,
        null,
        null,
        null,
        null,
        null,
        null,
        null,
        null,
        null,
        null,
        null,
        null,
        null,
        null,
        null,
        null,
        null,
        null,
        null,
        null,
        null,
        null,
        null,
        null,
        null
      ],
      "/home/miavision/apps/expercoin/spec/jobs/release_funds_job_spec.rb": [
        1,
        null,
        1,
        1,
        null
      ],
      "/home/miavision/apps/expercoin/app/jobs/release_funds_job.rb": [
        1,
        1,
        null,
        1,
        0,
        null,
        null,
        0,
        null,
        0,
        null,
        null
      ],
      "/home/miavision/apps/expercoin/app/jobs/application_job.rb": [
        null,
        null,
        1,
        null
      ],
      "/home/miavision/apps/expercoin/spec/jobs/update_transaction_status_job_spec.rb": [
        1,
        null,
        1,
        1,
        null
      ],
      "/home/miavision/apps/expercoin/app/jobs/update_transaction_status_job.rb": [
        1,
        1,
        null,
        1,
        0,
        null,
        null,
        null,
        0,
        null,
        null
      ],
      "/home/miavision/apps/expercoin/spec/mailers/message_mailer_spec.rb": [
        1,
        null,
        1,
        1,
        null
      ],
      "/home/miavision/apps/expercoin/app/mailers/message_mailer.rb": [
        1,
        1,
        1,
        null,
        1,
        0,
        0,
        null,
        null,
        1,
        0,
        0,
        0,
        null,
        null
      ],
      "/home/miavision/apps/expercoin/app/mailers/application_mailer.rb": [
        null,
        null,
        1,
        1,
        1,
        null
      ],
      "/home/miavision/apps/expercoin/spec/models/admin_user_spec.rb": [
        1,
        null,
        1,
        1,
        null
      ],
      "/home/miavision/apps/expercoin/spec/models/category_spec.rb": [
        1,
        null,
        1,
        1,
        null
      ],
      "/home/miavision/apps/expercoin/spec/models/eth_address_spec.rb": [
        1,
        null,
        1,
        1,
        null
      ],
      "/home/miavision/apps/expercoin/app/models/eth_address.rb": [
        1,
        1,
        null,
        1,
        1,
        null,
        1,
        null
      ],
      "/home/miavision/apps/expercoin/spec/models/mail_record_spec.rb": [
        1,
        null,
        1,
        1,
        null
      ],
      "/home/miavision/apps/expercoin/spec/models/message_spec.rb": [
        1,
        null,
        1,
        1,
        null
      ],
      "/home/miavision/apps/expercoin/app/models/message.rb": [
        1,
        1,
        1,
        1,
        1,
        null,
        1,
        null,
        1,
        1,
        null
      ],
      "/home/miavision/apps/expercoin/spec/models/profile_spec.rb": [
        1,
        null,
        1,
        1,
        null
      ],
      "/home/miavision/apps/expercoin/spec/models/request_spec.rb": [
        1,
        null,
        1,
        1,
        null
      ],
      "/home/miavision/apps/expercoin/spec/models/review_spec.rb": [
        1,
        null,
        1,
        1,
        null
      ],
      "/home/miavision/apps/expercoin/spec/models/user_spec.rb": [
        null,
        null,
        1,
        null,
        1,
        5,
        null,
        1,
        1,
        1,
        null,
        null,
        null,
        1,
        2,
        null,
        2,
        null,
        null,
        1,
        2,
        2,
        2,
        null,
        null
      ],
      "/home/miavision/apps/expercoin/spec/models/wallet_spec.rb": [
        1,
        null,
        1,
        1,
        null
      ],
      "/home/miavision/apps/expercoin/app/models/wallet.rb": [
        1,
        1,
        1,
        null
      ],
      "/home/miavision/apps/expercoin/spec/presenters/base_presenter_spec.rb": [
        null,
        null,
        1,
        null,
        1,
        5,
        5,
        1,
        2,
        null,
        null,
        1,
        2,
        null,
        null,
        1,
        1,
        1,
        null,
        null,
        null,
        1,
        1,
        1,
        null,
        null,
        null
      ],
      "/home/miavision/apps/expercoin/spec/services/base_service_spec.rb": [
        null,
        null,
        1,
        null,
        1,
        2,
        null,
        1,
        1,
        1,
        null,
        null,
        null
      ],
      "/home/miavision/apps/expercoin/app/services/base_service.rb": [
        null,
        null,
        null,
        1,
        null
      ],
      "/home/miavision/apps/expercoin/spec/validators/base_validator_spec.rb": [
        null,
        null,
        1,
        null,
        1,
        3,
        null,
        1,
        2,
        2,
        null,
        null
      ],
      "/home/miavision/apps/expercoin/app/validators/base_validator.rb": [
        null,
        null,
        null,
        1,
        1,
        null
      ]
    },
    "timestamp": 1528805093
  }
}
